Detecting compiler hash for triplet x64-linux...
Compiler found: /usr/bin/c++
All requested packages are currently installed.
Total install time: 431 ns
openssl is compatible with built-in CMake targets:

  find_package(OpenSSL REQUIRED)
  target_link_libraries(main PRIVATE OpenSSL::SSL)
  target_link_libraries(main PRIVATE OpenSSL::Crypto)

amqpcpp provides CMake targets:

  # this is heuristically generated, and may not be correct
  find_package(amqpcpp CONFIG REQUIRED)
  target_link_libraries(main PRIVATE amqpcpp)

amqpcpp provides pkg-config modules:

  # AMQP-CPP is a C++ library for communicating with a RabbitMQ message broker
  amqpcpp

asio provides CMake targets:

  # this is heuristically generated, and may not be correct
  find_package(asio CONFIG REQUIRED)
  target_link_libraries(main PRIVATE asio::asio)

crow provides CMake targets:

  # this is heuristically generated, and may not be correct
  find_package(Crow CONFIG REQUIRED)
  target_link_libraries(main PRIVATE Crow::Crow asio::asio)

libev provides CMake targets:

  # this is heuristically generated, and may not be correct
  find_package(unofficial-libev CONFIG REQUIRED)
  target_link_libraries(main PRIVATE unofficial::libev::libev)

libtracepoint provides CMake targets:

  # this is heuristically generated, and may not be correct
  find_package(tracepoint CONFIG REQUIRED)
  target_link_libraries(main PRIVATE tracepoint)

  find_package(tracepoint-headers CONFIG REQUIRED)
  target_link_libraries(main PRIVATE tracepoint-headers)

libeventheader-tracepoint provides CMake targets:

  # this is heuristically generated, and may not be correct
  find_package(eventheader-headers CONFIG REQUIRED)
  target_link_libraries(main PRIVATE eventheader-headers)

  find_package(eventheader-tracepoint CONFIG REQUIRED)
  target_link_libraries(main PRIVATE eventheader-tracepoint)

libpqxx provides CMake targets:

  # this is heuristically generated, and may not be correct
  find_package(libpqxx CONFIG REQUIRED)
  target_link_libraries(main PRIVATE libpqxx::pqxx)

libpqxx provides pkg-config modules:

  # C++ client API for the PostgreSQL database management system.
  libpqxx

librabbitmq provides CMake targets:

  # this is heuristically generated, and may not be correct
  find_package(rabbitmq-c CONFIG REQUIRED)
  target_link_libraries(main PRIVATE rabbitmq::rabbitmq-static)

librabbitmq provides pkg-config modules:

  # An AMQP 0-9-1 client library
  librabbitmq

The package nlohmann-json provides CMake targets:

    find_package(nlohmann_json CONFIG REQUIRED)
    target_link_libraries(main PRIVATE nlohmann_json::nlohmann_json)

The package nlohmann-json can be configured to not provide implicit conversions via a custom triplet file:

    set(nlohmann-json_IMPLICIT_CONVERSIONS OFF)

For more information, see the docs here:
    
    https://json.nlohmann.me/api/macros/json_use_implicit_conversions/

